*** SESSION Jul 10, 2014 10:15:18.67 -------------------------------------------
*** SESSION Aug 05, 2014 19:47:03.11 -------------------------------------------
*** SESSION Aug 07, 2014 11:52:07.25 -------------------------------------------
*** SESSION Aug 07, 2014 11:53:33.78 -------------------------------------------
*** SESSION Aug 24, 2014 10:50:50.98 -------------------------------------------
*** SESSION Aug 24, 2014 10:54:08.64 -------------------------------------------
*** SESSION Aug 24, 2014 10:56:24.41 -------------------------------------------
*** SESSION Feb 05, 2015 11:07:56.73 -------------------------------------------
*** SESSION Feb 05, 2015 12:14:07.28 -------------------------------------------
*** SESSION Mar 10, 2015 21:29:17.81 -------------------------------------------
*** SESSION Mar 16, 2015 21:25:18.14 -------------------------------------------
*** SESSION Mar 17, 2015 16:48:31.06 -------------------------------------------
*** SESSION Mar 18, 2015 14:20:57.58 -------------------------------------------
*** SESSION Mar 18, 2015 14:45:10.27 -------------------------------------------
*** SESSION Mar 19, 2015 07:30:47.83 -------------------------------------------
*** SESSION Mar 19, 2015 07:38:52.16 -------------------------------------------
*** SESSION Mar 19, 2015 09:42:22.80 -------------------------------------------
*** SESSION Mar 23, 2015 19:31:55.41 -------------------------------------------
*** SESSION Jan 22, 2019 18:03:12.75 -------------------------------------------
*** SESSION Jan 22, 2019 18:33:45.78 -------------------------------------------
*** SESSION Jan 22, 2019 19:43:35.62 -------------------------------------------
*** SESSION Jan 23, 2019 12:50:06.65 -------------------------------------------
*** SESSION Jan 27, 2019 12:47:31.83 -------------------------------------------
*** SESSION Mar 01, 2019 00:10:02.75 -------------------------------------------
*** SESSION Mar 01, 2019 10:58:23.73 -------------------------------------------
*** SESSION Mar 01, 2019 13:33:52.86 -------------------------------------------
*** SESSION Mar 23, 2019 21:34:33.45 -------------------------------------------
*** SESSION Mar 23, 2019 22:43:17.98 -------------------------------------------
*** SESSION Mar 24, 2019 11:14:31.27 -------------------------------------------
*** SESSION Mar 24, 2019 19:30:51.54 -------------------------------------------
*** SESSION Mar 24, 2019 19:35:41.60 -------------------------------------------
*** SESSION Mar 24, 2019 22:42:55.05 -------------------------------------------
*** SESSION Mar 25, 2019 07:46:10.78 -------------------------------------------
*** SESSION Mar 30, 2019 22:13:26.70 -------------------------------------------
*** SESSION Jun 06, 2019 21:03:01.83 -------------------------------------------
*** SESSION Jun 25, 2019 19:33:19.91 -------------------------------------------
*** SESSION Jul 03, 2019 16:07:59.50 -------------------------------------------
*** SESSION Jul 03, 2019 20:39:58.10 -------------------------------------------
*** SESSION Jul 03, 2019 23:13:52.38 -------------------------------------------
*** SESSION Jul 04, 2019 08:25:21.08 -------------------------------------------
*** SESSION Jul 04, 2019 16:18:10.56 -------------------------------------------
*** SESSION Jul 06, 2019 22:04:40.33 -------------------------------------------
*** SESSION Jul 07, 2019 17:33:43.42 -------------------------------------------
*** SESSION Oct 16, 2019 11:40:20.13 -------------------------------------------
*** SESSION Mar 02, 2020 18:10:38.23 -------------------------------------------
*** SESSION Mar 03, 2020 17:20:04.46 -------------------------------------------
*** SESSION Mar 04, 2020 16:31:33.73 -------------------------------------------
*** SESSION Mar 05, 2020 17:57:50.72 -------------------------------------------
*** SESSION Mar 06, 2020 09:36:06.65 -------------------------------------------
*** SESSION Mar 08, 2020 12:52:30.38 -------------------------------------------
*** SESSION Mar 09, 2020 09:50:51.80 -------------------------------------------
*** SESSION Mar 10, 2020 10:09:11.95 -------------------------------------------
*** SESSION Mar 10, 2020 18:59:29.97 -------------------------------------------
