!SESSION 2020-03-10 19:22:20.448 -----------------------------------------------
eclipse.buildId=4.14.0.I20191210-0610
java.version=1.8.0_231
java.vendor=Oracle Corporation
BootLoader constants: OS=win32, ARCH=x86_64, WS=win32, NL=en_GB
Framework arguments:  -product org.eclipse.epp.package.java.product
Command-line arguments:  -os win32 -ws win32 -arch x86_64 -product org.eclipse.epp.package.java.product

This is a continuation of log file C:\Users\us144\workspaceOOP2\.metadata\.bak_0.log
Created Time: 2020-03-10 19:25:40.738

!ENTRY org.eclipse.e4.ui.workbench 2 0 2020-03-10 19:25:40.748
!MESSAGE Removing part descriptor with the 'org.eclipse.linuxtools.vagrant.ui.vagrantVMView' id and the 'Vagrant VMs' description. Points to the invalid 'bundleclass://org.eclipse.ui.workbench/org.eclipse.ui.internal.e4.compatibility.CompatibilityView' class.

!ENTRY org.eclipse.e4.ui.workbench 2 0 2020-03-10 19:25:40.759
!MESSAGE Removing part descriptor with the 'org.eclipse.linuxtools.vagrant.ui.vagrantBoxView' id and the 'Vagrant Boxes' description. Points to the invalid 'bundleclass://org.eclipse.ui.workbench/org.eclipse.ui.internal.e4.compatibility.CompatibilityView' class.

!ENTRY org.eclipse.e4.ui.workbench 2 0 2020-03-10 19:25:40.767
!MESSAGE Removing part descriptor with the 'org.eclipse.photran.ui.FortranView' id and the 'Fortran Projects' description. Points to the invalid 'bundleclass://org.eclipse.ui.workbench/org.eclipse.ui.internal.e4.compatibility.CompatibilityView' class.

!ENTRY org.eclipse.e4.ui.workbench 2 0 2020-03-10 19:25:40.777
!MESSAGE Removing part descriptor with the 'org.eclipse.photran.ui.DeclarationView' id and the 'Fortran Declaration' description. Points to the invalid 'bundleclass://org.eclipse.ui.workbench/org.eclipse.ui.internal.e4.compatibility.CompatibilityView' class.

!ENTRY org.eclipse.e4.ui.workbench 2 0 2020-03-10 19:25:40.787
!MESSAGE Removing part descriptor with the 'org.eclipse.photran.ui.VPGProblemView' id and the 'Fortran Analysis/Refactoring Problems' description. Points to the invalid 'bundleclass://org.eclipse.ui.workbench/org.eclipse.ui.internal.e4.compatibility.CompatibilityView' class.

!ENTRY org.eclipse.e4.ui.workbench 2 0 2020-03-10 19:25:40.796
!MESSAGE Removing part descriptor with the 'org.eclipse.ptp.debug.ui.views.SignalsView' id and the 'Signals' description. Points to the invalid 'bundleclass://org.eclipse.ui.workbench/org.eclipse.ui.internal.e4.compatibility.CompatibilityView' class.

!ENTRY org.eclipse.e4.ui.workbench 2 0 2020-03-10 19:25:40.805
!MESSAGE Removing part descriptor with the 'org.eclipse.ptp.debug.ui.views.parallelDebugView' id and the 'Parallel Debug' description. Points to the invalid 'bundleclass://org.eclipse.ui.workbench/org.eclipse.ui.internal.e4.compatibility.CompatibilityView' class.

!ENTRY org.eclipse.e4.ui.workbench 2 0 2020-03-10 19:25:40.814
!MESSAGE Removing part descriptor with the 'org.eclipse.ptp.debug.ui.views.ArrayView' id and the 'Arrays' description. Points to the invalid 'bundleclass://org.eclipse.ui.workbench/org.eclipse.ui.internal.e4.compatibility.CompatibilityView' class.

!ENTRY org.eclipse.e4.ui.workbench 2 0 2020-03-10 19:25:40.824
!MESSAGE Removing part descriptor with the 'org.eclipse.ptp.debug.ui.views.PVariableView' id and the 'Variables' description. Points to the invalid 'bundleclass://org.eclipse.ui.workbench/org.eclipse.ui.internal.e4.compatibility.CompatibilityView' class.

!ENTRY org.eclipse.e4.ui.workbench 2 0 2020-03-10 19:25:40.835
!MESSAGE Removing part descriptor with the 'org.eclipse.ptp.debug.ui.views.PLocationView' id and the 'Parallel Debug Locations' description. Points to the invalid 'bundleclass://org.eclipse.ui.workbench/org.eclipse.ui.internal.e4.compatibility.CompatibilityView' class.

!ENTRY org.eclipse.e4.ui.workbench 2 0 2020-03-10 19:25:40.844
!MESSAGE Removing part descriptor with the 'org.eclipse.ptp.etfw.feedback.perfsuite.view' id and the 'PerfSuite Feedback Items' description. Points to the invalid 'bundleclass://org.eclipse.ui.workbench/org.eclipse.ui.internal.e4.compatibility.CompatibilityView' class.

!ENTRY org.eclipse.e4.ui.workbench 2 0 2020-03-10 19:25:40.853
!MESSAGE Removing part descriptor with the 'org.eclipse.ptp.etfw.tau.perfdmf.views.PerfDMFView' id and the 'Performance Data Manager' description. Points to the invalid 'bundleclass://org.eclipse.ui.workbench/org.eclipse.ui.internal.e4.compatibility.CompatibilityView' class.

!ENTRY org.eclipse.e4.ui.workbench 2 0 2020-03-10 19:25:40.863
!MESSAGE Removing part descriptor with the 'org.eclipse.ptp.gem.views.GemConsole' id and the 'GEM Console' description. Points to the invalid 'bundleclass://org.eclipse.ui.workbench/org.eclipse.ui.internal.e4.compatibility.CompatibilityView' class.

!ENTRY org.eclipse.e4.ui.workbench 2 0 2020-03-10 19:25:40.872
!MESSAGE Removing part descriptor with the 'org.eclipse.ptp.gem.views.GemAnalyzer' id and the 'GEM Analyzer' description. Points to the invalid 'bundleclass://org.eclipse.ui.workbench/org.eclipse.ui.internal.e4.compatibility.CompatibilityView' class.

!ENTRY org.eclipse.e4.ui.workbench 2 0 2020-03-10 19:25:40.882
!MESSAGE Removing part descriptor with the 'org.eclipse.ptp.gem.views.GemBrowser' id and the 'GEM Browser' description. Points to the invalid 'bundleclass://org.eclipse.ui.workbench/org.eclipse.ui.internal.e4.compatibility.CompatibilityView' class.

!ENTRY org.eclipse.e4.ui.workbench 2 0 2020-03-10 19:25:40.890
!MESSAGE Removing part descriptor with the 'org.eclipse.ptp.pldt.mpi.analysis.view.MPIErrorView' id and the 'MPI Barrier Errors' description. Points to the invalid 'bundleclass://org.eclipse.ui.workbench/org.eclipse.ui.internal.e4.compatibility.CompatibilityView' class.

!ENTRY org.eclipse.e4.ui.workbench 2 0 2020-03-10 19:25:40.899
!MESSAGE Removing part descriptor with the 'org.eclipse.ptp.pldt.mpi.analysis.view.MPIBarrierTableView' id and the 'MPI Barriers' description. Points to the invalid 'bundleclass://org.eclipse.ui.workbench/org.eclipse.ui.internal.e4.compatibility.CompatibilityView' class.

!ENTRY org.eclipse.e4.ui.workbench 2 0 2020-03-10 19:25:40.910
!MESSAGE Removing part descriptor with the 'org.eclipse.ptp.pldt.mpi.analysis.view.MPIBarrierMatchingSetTableView' id and the 'MPI Barrier Matches' description. Points to the invalid 'bundleclass://org.eclipse.ui.workbench/org.eclipse.ui.internal.e4.compatibility.CompatibilityView' class.

!ENTRY org.eclipse.e4.ui.workbench 2 0 2020-03-10 19:25:40.918
!MESSAGE Removing part descriptor with the 'org.eclipse.ptp.pldt.mpi.core.views.MPITableView' id and the 'MPI Artifact View' description. Points to the invalid 'bundleclass://org.eclipse.ui.workbench/org.eclipse.ui.internal.e4.compatibility.CompatibilityView' class.

!ENTRY org.eclipse.e4.ui.workbench 2 0 2020-03-10 19:25:40.928
!MESSAGE Removing part descriptor with the 'org.eclipse.ptp.pldt.openacc.ui.views.OpenACCArtifactView' id and the 'OpenACC Artifact View' description. Points to the invalid 'bundleclass://org.eclipse.ui.workbench/org.eclipse.ui.internal.e4.compatibility.CompatibilityView' class.

!ENTRY org.eclipse.e4.ui.workbench 2 0 2020-03-10 19:25:40.939
!MESSAGE Removing part descriptor with the 'org.eclipse.ptp.pldt.openmp.core.views.OpenMPArtifactView' id and the 'OpenMP Artifact View' description. Points to the invalid 'bundleclass://org.eclipse.ui.workbench/org.eclipse.ui.internal.e4.compatibility.CompatibilityView' class.

!ENTRY org.eclipse.e4.ui.workbench 2 0 2020-03-10 19:25:40.950
!MESSAGE Removing part descriptor with the 'org.eclipse.ptp.pldt.openmp.ui.pv.views.OpenMPProblemsView' id and the 'OpenMP Problems' description. Points to the invalid 'bundleclass://org.eclipse.ui.workbench/org.eclipse.ui.internal.e4.compatibility.CompatibilityView' class.

!ENTRY org.eclipse.e4.ui.workbench 2 0 2020-03-10 19:25:40.974
!MESSAGE Removing part descriptor with the 'org.eclipse.ptp.pldt.openshmem.views.openshmemArtifactView' id and the 'OpenSHMEM Artifact View' description. Points to the invalid 'bundleclass://org.eclipse.ui.workbench/org.eclipse.ui.internal.e4.compatibility.CompatibilityView' class.

!ENTRY org.eclipse.e4.ui.workbench 2 0 2020-03-10 19:25:40.984
!MESSAGE Removing part descriptor with the 'org.eclipse.ptp.pldt.upc.views.upcArtifactView' id and the 'UPC Artifact View' description. Points to the invalid 'bundleclass://org.eclipse.ui.workbench/org.eclipse.ui.internal.e4.compatibility.CompatibilityView' class.

!ENTRY org.eclipse.e4.ui.workbench 2 0 2020-03-10 19:25:41.000
!MESSAGE Removing part descriptor with the 'org.eclipse.ptp.rdt.sync.ui.SyncMergeFileTableViewer' id and the 'Synchronized Merge View' description. Points to the invalid 'bundleclass://org.eclipse.ui.workbench/org.eclipse.ui.internal.e4.compatibility.CompatibilityView' class.

!ENTRY org.eclipse.e4.ui.workbench 2 0 2020-03-10 19:25:41.015
!MESSAGE Removing part descriptor with the 'org.eclipse.ptp.remote.terminal.view' id and the 'Terminal History' description. Points to the invalid 'bundleclass://org.eclipse.ui.workbench/org.eclipse.ui.internal.e4.compatibility.CompatibilityView' class.

!ENTRY org.eclipse.e4.ui.workbench 2 0 2020-03-10 19:25:41.026
!MESSAGE Removing part descriptor with the 'org.eclipse.ptp.rm.ui.views.MonitorView' id and the 'Monitors' description. Points to the invalid 'bundleclass://org.eclipse.ui.workbench/org.eclipse.ui.internal.e4.compatibility.CompatibilityView' class.

!ENTRY org.eclipse.e4.ui.workbench 2 0 2020-03-10 19:25:41.036
!MESSAGE Removing part descriptor with the 'org.eclipse.ptp.rm.lml.ui.SystemMonitorView' id and the 'System Monitor' description. Points to the invalid 'bundleclass://org.eclipse.ui.workbench/org.eclipse.ui.internal.e4.compatibility.CompatibilityView' class.

!ENTRY org.eclipse.e4.ui.workbench 2 0 2020-03-10 19:25:41.046
!MESSAGE Removing part descriptor with the 'org.eclipse.ptp.rm.lml.ui.ActiveJobsView' id and the 'Active Jobs' description. Points to the invalid 'bundleclass://org.eclipse.ui.workbench/org.eclipse.ui.internal.e4.compatibility.CompatibilityView' class.

!ENTRY org.eclipse.e4.ui.workbench 2 0 2020-03-10 19:25:41.055
!MESSAGE Removing part descriptor with the 'org.eclipse.ptp.rm.lml.ui.InactiveJobsView' id and the 'Inactive Jobs' description. Points to the invalid 'bundleclass://org.eclipse.ui.workbench/org.eclipse.ui.internal.e4.compatibility.CompatibilityView' class.

!ENTRY org.eclipse.e4.ui.workbench 2 0 2020-03-10 19:25:41.065
!MESSAGE Removing part descriptor with the 'org.eclipse.ptp.rm.lml.ui.InfoView' id and the 'Messages' description. Points to the invalid 'bundleclass://org.eclipse.ui.workbench/org.eclipse.ui.internal.e4.compatibility.CompatibilityView' class.

!ENTRY org.eclipse.e4.ui.workbench 2 0 2020-03-10 19:25:41.075
!MESSAGE Removing part descriptor with the 'org.eclipse.remote.ui.view.connections' id and the 'Connections' description. Points to the invalid 'bundleclass://org.eclipse.ui.workbench/org.eclipse.ui.internal.e4.compatibility.CompatibilityView' class.

!ENTRY org.eclipse.e4.ui.workbench 2 0 2020-03-10 19:25:41.084
!MESSAGE Removing part descriptor with the 'org.eclipse.rse.shells.ui.view.commandsView' id and the 'Remote Shell' description. Points to the invalid 'bundleclass://org.eclipse.ui.workbench/org.eclipse.ui.internal.e4.compatibility.CompatibilityView' class.

!ENTRY org.eclipse.e4.ui.workbench 2 0 2020-03-10 19:25:41.094
!MESSAGE Removing part descriptor with the 'org.eclipse.rse.ui.view.systemView' id and the 'Remote Systems' description. Points to the invalid 'bundleclass://org.eclipse.ui.workbench/org.eclipse.ui.internal.e4.compatibility.CompatibilityView' class.

!ENTRY org.eclipse.e4.ui.workbench 2 0 2020-03-10 19:25:41.101
!MESSAGE Removing part descriptor with the 'org.eclipse.rse.ui.view.teamView' id and the 'Team' description. Points to the invalid 'bundleclass://org.eclipse.ui.workbench/org.eclipse.ui.internal.e4.compatibility.CompatibilityView' class.

!ENTRY org.eclipse.e4.ui.workbench 2 0 2020-03-10 19:25:41.111
!MESSAGE Removing part descriptor with the 'org.eclipse.rse.ui.view.systemTableView' id and the 'Remote System Details' description. Points to the invalid 'bundleclass://org.eclipse.ui.workbench/org.eclipse.ui.internal.e4.compatibility.CompatibilityView' class.

!ENTRY org.eclipse.e4.ui.workbench 2 0 2020-03-10 19:25:41.122
!MESSAGE Removing part descriptor with the 'org.eclipse.rse.ui.view.SystemSearchView' id and the 'Remote Search' description. Points to the invalid 'bundleclass://org.eclipse.ui.workbench/org.eclipse.ui.internal.e4.compatibility.CompatibilityView' class.

!ENTRY org.eclipse.e4.ui.workbench 2 0 2020-03-10 19:25:41.132
!MESSAGE Removing part descriptor with the 'org.eclipse.rse.ui.view.scratchpad.SystemScratchpadViewPart' id and the 'Remote Scratchpad' description. Points to the invalid 'bundleclass://org.eclipse.ui.workbench/org.eclipse.ui.internal.e4.compatibility.CompatibilityView' class.

!ENTRY org.eclipse.e4.ui.workbench 2 0 2020-03-10 19:25:41.140
!MESSAGE Removing part descriptor with the 'org.eclipse.rse.ui.view.monitorView' id and the 'Remote Monitor' description. Points to the invalid 'bundleclass://org.eclipse.ui.workbench/org.eclipse.ui.internal.e4.compatibility.CompatibilityView' class.

!ENTRY org.eclipse.e4.ui.workbench 2 0 2020-03-10 19:25:41.149
!MESSAGE Removing part descriptor with the 'org.eclipse.tm.terminal.view.ui.TerminalsView' id and the 'Terminal' description. Points to the invalid 'bundleclass://org.eclipse.ui.workbench/org.eclipse.ui.internal.e4.compatibility.CompatibilityView' class.

!ENTRY org.eclipse.e4.ui.workbench 2 0 2020-03-10 19:25:41.158
!MESSAGE Removing part descriptor with the 'org.eclipse.tcf.te.ui.terminals.TerminalsView' id and the 'Terminals (Old)' description. Points to the invalid 'bundleclass://org.eclipse.ui.workbench/org.eclipse.ui.internal.e4.compatibility.CompatibilityView' class.

!ENTRY org.eclipse.e4.ui.workbench 2 0 2020-03-10 19:25:41.168
!MESSAGE Removing part descriptor with the 'org.eclipse.xtend.ide.view.DerivedSourceView' id and the 'Generated Code' description. Points to the invalid 'bundleclass://org.eclipse.ui.workbench/org.eclipse.ui.internal.e4.compatibility.CompatibilityView' class.

!ENTRY org.eclipse.e4.ui.workbench 2 0 2020-03-10 19:25:41.181
!MESSAGE Removing part descriptor with the 'org.eclipse.xtext.ui.XtextCallHierarchy' id and the 'Call Hierarchy' description. Points to the invalid 'bundleclass://org.eclipse.ui.workbench/org.eclipse.ui.internal.e4.compatibility.CompatibilityView' class.

!ENTRY org.eclipse.e4.ui.workbench 2 0 2020-03-10 19:25:41.231
!MESSAGE Removing part descriptor with the 'org.eclipse.xtext.xtext.ui.graph.view' id and the 'Xtext Syntax Graph' description. Points to the invalid 'bundleclass://org.eclipse.ui.workbench/org.eclipse.ui.internal.e4.compatibility.CompatibilityView' class.

!ENTRY org.eclipse.e4.ui.workbench 2 0 2020-03-10 19:25:41.242
!MESSAGE Removing part descriptor with the 'org.eclipse.cdt.testsrunner.resultsview' id and the 'C/C++ Unit' description. Points to the invalid 'bundleclass://org.eclipse.ui.workbench/org.eclipse.ui.internal.e4.compatibility.CompatibilityView' class.

!ENTRY org.eclipse.e4.ui.workbench 2 0 2020-03-10 19:25:41.253
!MESSAGE Removing part descriptor with the 'org.eclipse.cdt.visualizer.view' id and the 'Visualizer' description. Points to the invalid 'bundleclass://org.eclipse.ui.workbench/org.eclipse.ui.internal.e4.compatibility.CompatibilityView' class.

!ENTRY org.eclipse.e4.ui.workbench 2 0 2020-03-10 19:25:41.264
!MESSAGE Removing part descriptor with the 'org.eclipse.dltk.ruby.ui.RubyDocumentationView' id and the 'Ruby Documentation' description. Points to the invalid 'bundleclass://org.eclipse.ui.workbench/org.eclipse.ui.internal.e4.compatibility.CompatibilityView' class.

!ENTRY org.eclipse.e4.ui.workbench 2 0 2020-03-10 19:25:41.273
!MESSAGE Removing part descriptor with the 'org.eclipse.dltk.ruby.ui.Projects' id and the 'Ruby Projects' description. Points to the invalid 'bundleclass://org.eclipse.ui.workbench/org.eclipse.ui.internal.e4.compatibility.CompatibilityView' class.

!ENTRY org.eclipse.e4.ui.workbench 2 0 2020-03-10 19:25:41.280
!MESSAGE Removing part descriptor with the 'org.eclipse.dltk.ruby.ui.extbrowsing' id and the 'Ruby Classes/Modules' description. Points to the invalid 'bundleclass://org.eclipse.ui.workbench/org.eclipse.ui.internal.e4.compatibility.CompatibilityView' class.

!ENTRY org.eclipse.e4.ui.workbench 2 0 2020-03-10 19:25:41.292
!MESSAGE Removing part descriptor with the 'org.eclipse.dltk.ruby.ui.Members' id and the 'Ruby Members' description. Points to the invalid 'bundleclass://org.eclipse.ui.workbench/org.eclipse.ui.internal.e4.compatibility.CompatibilityView' class.

!ENTRY org.eclipse.e4.ui.workbench 2 0 2020-03-10 19:25:41.303
!MESSAGE Removing part descriptor with the 'org.eclipse.dltk.tcl.internal.ui.navigation.NamespacesView' id and the 'Tcl Namespaces' description. Points to the invalid 'bundleclass://org.eclipse.ui.workbench/org.eclipse.ui.internal.e4.compatibility.CompatibilityView' class.

!ENTRY org.eclipse.e4.ui.workbench 2 0 2020-03-10 19:25:41.314
!MESSAGE Removing part descriptor with the 'org.eclipse.dltk.tcl.internal.ui.navigation.FunctionsView' id and the 'Tcl Functions' description. Points to the invalid 'bundleclass://org.eclipse.ui.workbench/org.eclipse.ui.internal.e4.compatibility.CompatibilityView' class.

!ENTRY org.eclipse.e4.ui.workbench 2 0 2020-03-10 19:25:41.326
!MESSAGE Removing part descriptor with the 'org.eclipse.dltk.tcl.internal.ui.navigation.PackagesView' id and the 'Tcl Packages' description. Points to the invalid 'bundleclass://org.eclipse.ui.workbench/org.eclipse.ui.internal.e4.compatibility.CompatibilityView' class.

!ENTRY org.eclipse.e4.ui.workbench 2 0 2020-03-10 19:25:41.337
!MESSAGE Removing part descriptor with the 'org.eclipse.dltk.tcl.ui.TclDocumentationView' id and the 'Tcl Documentation' description. Points to the invalid 'bundleclass://org.eclipse.ui.workbench/org.eclipse.ui.internal.e4.compatibility.CompatibilityView' class.

!ENTRY org.eclipse.e4.ui.workbench 2 0 2020-03-10 19:25:41.348
!MESSAGE Removing part descriptor with the 'org.eclipse.dltk.tcl.ui.Projects' id and the 'Tcl Projects' description. Points to the invalid 'bundleclass://org.eclipse.ui.workbench/org.eclipse.ui.internal.e4.compatibility.CompatibilityView' class.

!ENTRY org.eclipse.e4.ui.workbench 2 0 2020-03-10 19:25:41.358
!MESSAGE Removing part descriptor with the 'org.eclipse.dltk.tcl.ui.extbrowsing' id and the 'Tcl Namespaces/Classes' description. Points to the invalid 'bundleclass://org.eclipse.ui.workbench/org.eclipse.ui.internal.e4.compatibility.CompatibilityView' class.

!ENTRY org.eclipse.e4.ui.workbench 2 0 2020-03-10 19:25:41.378
!MESSAGE Removing part descriptor with the 'org.eclipse.dltk.tcl.ui.Members' id and the 'Tcl Members' description. Points to the invalid 'bundleclass://org.eclipse.ui.workbench/org.eclipse.ui.internal.e4.compatibility.CompatibilityView' class.

!ENTRY org.eclipse.e4.ui.workbench 2 0 2020-03-10 19:25:41.391
!MESSAGE Removing part descriptor with the 'org.eclipse.ldt.ui.luadoc' id and the 'Luadoc' description. Points to the invalid 'bundleclass://org.eclipse.ui.workbench/org.eclipse.ui.internal.e4.compatibility.CompatibilityView' class.

!ENTRY org.eclipse.e4.ui.workbench 2 0 2020-03-10 19:25:41.400
!MESSAGE Removing part descriptor with the 'org.eclipse.objectteams.eclipse.monitor.MonitorView' id and the 'OT/Equinox Monitor' description. Points to the invalid 'bundleclass://org.eclipse.ui.workbench/org.eclipse.ui.internal.e4.compatibility.CompatibilityView' class.

!ENTRY org.eclipse.e4.ui.workbench 2 0 2020-03-10 19:25:41.411
!MESSAGE Removing part descriptor with the 'org.eclipse.objectteams.otdt.debug.ui.views.team' id and the 'Team Monitor' description. Points to the invalid 'bundleclass://org.eclipse.ui.workbench/org.eclipse.ui.internal.e4.compatibility.CompatibilityView' class.

!ENTRY org.eclipse.e4.ui.workbench 2 0 2020-03-10 19:25:41.421
!MESSAGE Removing part descriptor with the 'org.eclipse.objectteams.otdt.ui.help.views.OTJLDView' id and the 'OT/J Language Definition' description. Points to the invalid 'bundleclass://org.eclipse.ui.workbench/org.eclipse.ui.internal.e4.compatibility.CompatibilityView' class.

!ENTRY org.eclipse.e4.ui.workbench 2 0 2020-03-10 19:25:41.430
!MESSAGE Removing part descriptor with the 'org.eclipse.debug.ui.PHPDebugOutput' id and the 'Debug Output' description. Points to the invalid 'bundleclass://org.eclipse.ui.workbench/org.eclipse.ui.internal.e4.compatibility.CompatibilityView' class.

!ENTRY org.eclipse.e4.ui.workbench 2 0 2020-03-10 19:25:41.442
!MESSAGE Removing part descriptor with the 'org.eclipse.debug.ui.PHPBrowserOutput' id and the 'Browser Output' description. Points to the invalid 'bundleclass://org.eclipse.ui.workbench/org.eclipse.ui.internal.e4.compatibility.CompatibilityView' class.

!ENTRY org.eclipse.e4.ui.workbench 2 0 2020-03-10 19:25:41.452
!MESSAGE Removing part descriptor with the 'org.eclipse.php.ui.explorer' id and the 'PHP Explorer' description. Points to the invalid 'bundleclass://org.eclipse.ui.workbench/org.eclipse.ui.internal.e4.compatibility.CompatibilityView' class.

!ENTRY org.eclipse.e4.ui.workbench 2 0 2020-03-10 19:25:41.463
!MESSAGE Removing part descriptor with the 'org.eclipse.php.ui.functions' id and the 'PHP Functions' description. Points to the invalid 'bundleclass://org.eclipse.ui.workbench/org.eclipse.ui.internal.e4.compatibility.CompatibilityView' class.

!ENTRY org.eclipse.e4.ui.workbench 2 0 2020-03-10 19:25:41.472
!MESSAGE Removing part descriptor with the 'org.eclipse.php.ui.projectOutline' id and the 'PHP Project Outline' description. Points to the invalid 'bundleclass://org.eclipse.ui.workbench/org.eclipse.ui.internal.e4.compatibility.CompatibilityView' class.

!ENTRY org.eclipse.e4.ui.workbench 2 0 2020-03-10 19:25:41.483
!MESSAGE Removing part descriptor with the 'org.eclipse.tcf.te.tcf.ui.views.scriptpad' id and the 'Script Pad' description. Points to the invalid 'bundleclass://org.eclipse.ui.workbench/org.eclipse.ui.internal.e4.compatibility.CompatibilityView' class.

!ENTRY org.eclipse.e4.ui.workbench 2 0 2020-03-10 19:25:41.495
!MESSAGE Removing part descriptor with the 'org.eclipse.tcf.te.ui.views.View' id and the 'System Management' description. Points to the invalid 'bundleclass://org.eclipse.ui.workbench/org.eclipse.ui.internal.e4.compatibility.CompatibilityView' class.

!ENTRY org.eclipse.e4.ui.workbench 2 0 2020-03-10 19:25:41.510
!MESSAGE Removing part descriptor with the 'org.eclipse.wst.internet.monitor.view' id and the 'TCP/IP Monitor' description. Points to the invalid 'bundleclass://org.eclipse.ui.workbench/org.eclipse.ui.internal.e4.compatibility.CompatibilityView' class.

!ENTRY org.eclipse.e4.ui.workbench 2 0 2020-03-10 19:25:41.520
!MESSAGE Removing part descriptor with the 'org.eclipse.wst.jsdt.ui.TypeHierarchy' id and the 'Hierarchy' description. Points to the invalid 'bundleclass://org.eclipse.ui.workbench/org.eclipse.ui.internal.e4.compatibility.CompatibilityView' class.

!ENTRY org.eclipse.e4.ui.workbench 2 0 2020-03-10 19:25:41.533
!MESSAGE Removing part descriptor with the 'org.eclipse.wst.jsdt.ui.PackageExplorer' id and the 'Script Explorer' description. Points to the invalid 'bundleclass://org.eclipse.ui.workbench/org.eclipse.ui.internal.e4.compatibility.CompatibilityView' class.

!ENTRY org.eclipse.e4.ui.workbench 2 0 2020-03-10 19:25:41.544
!MESSAGE Removing part descriptor with the 'org.eclipse.wst.jsdt.callhierarchy.view' id and the 'Call Hierarchy' description. Points to the invalid 'bundleclass://org.eclipse.ui.workbench/org.eclipse.ui.internal.e4.compatibility.CompatibilityView' class.

!ENTRY org.eclipse.e4.ui.workbench 2 0 2020-03-10 19:25:41.556
!MESSAGE Removing part descriptor with the 'org.eclipse.wst.jsdt.ui.SourceView' id and the 'Declaration' description. Points to the invalid 'bundleclass://org.eclipse.ui.workbench/org.eclipse.ui.internal.e4.compatibility.CompatibilityView' class.

!ENTRY org.eclipse.e4.ui.workbench 2 0 2020-03-10 19:25:41.569
!MESSAGE Removing part descriptor with the 'org.eclipse.wst.jsdt.ui.JavadocView' id and the 'Documentation' description. Points to the invalid 'bundleclass://org.eclipse.ui.workbench/org.eclipse.ui.internal.e4.compatibility.CompatibilityView' class.

!ENTRY org.eclipse.e4.ui.workbench 2 0 2020-03-10 19:25:41.583
!MESSAGE Removing part descriptor with the 'org.eclipse.wst.server.ui.ServersView' id and the 'Servers' description. Points to the invalid 'bundleclass://org.eclipse.ui.workbench/org.eclipse.ui.internal.e4.compatibility.CompatibilityView' class.

!ENTRY org.eclipse.core.resources 2 2 2020-03-10 19:30:36.357
!MESSAGE Save operation warnings.
!SUBENTRY 1 org.eclipse.core.resources 2 234 2020-03-10 19:30:36.357
!MESSAGE The project description file (.project) for '1 h Enum Test' was missing.  This file contains important information about the project.  A new project description file has been created, but some information about the project may have been lost.
!SUBENTRY 1 org.eclipse.core.resources 2 234 2020-03-10 19:30:36.357
!MESSAGE The project description file (.project) for '1 i Enhanced for Loop' was missing.  This file contains important information about the project.  A new project description file has been created, but some information about the project may have been lost.
!SUBENTRY 1 org.eclipse.core.resources 2 234 2020-03-10 19:30:36.357
!MESSAGE The project description file (.project) for '1 j Break with Label' was missing.  This file contains important information about the project.  A new project description file has been created, but some information about the project may have been lost.
!SUBENTRY 1 org.eclipse.core.resources 2 234 2020-03-10 19:30:36.357
!MESSAGE The project description file (.project) for '1 n Interfaces version 1' was missing.  This file contains important information about the project.  A new project description file has been created, but some information about the project may have been lost.
!SUBENTRY 1 org.eclipse.core.resources 2 234 2020-03-10 19:30:36.357
!MESSAGE The project description file (.project) for '1 o Interfaces version 2' was missing.  This file contains important information about the project.  A new project description file has been created, but some information about the project may have been lost.
!SUBENTRY 1 org.eclipse.core.resources 2 234 2020-03-10 19:30:36.357
!MESSAGE The project description file (.project) for '1 r Exception Finally' was missing.  This file contains important information about the project.  A new project description file has been created, but some information about the project may have been lost.
!SUBENTRY 1 org.eclipse.core.resources 2 234 2020-03-10 19:30:36.357
!MESSAGE The project description file (.project) for '2 8 PushButton' was missing.  This file contains important information about the project.  A new project description file has been created, but some information about the project may have been lost.
!SUBENTRY 1 org.eclipse.core.resources 2 234 2020-03-10 19:30:36.357
!MESSAGE The project description file (.project) for '3 l SubMarineAdvanced' was missing.  This file contains important information about the project.  A new project description file has been created, but some information about the project may have been lost.
!SUBENTRY 1 org.eclipse.core.resources 2 234 2020-03-10 19:30:36.357
!MESSAGE The project description file (.project) for '4 i DataLocal' was missing.  This file contains important information about the project.  A new project description file has been created, but some information about the project may have been lost.
!SUBENTRY 1 org.eclipse.core.resources 2 234 2020-03-10 19:30:36.357
!MESSAGE The project description file (.project) for '4 i LocalData' was missing.  This file contains important information about the project.  A new project description file has been created, but some information about the project may have been lost.
!SUBENTRY 1 org.eclipse.core.resources 2 234 2020-03-10 19:30:36.357
!MESSAGE The project description file (.project) for 'BarberShopUnSync' was missing.  This file contains important information about the project.  A new project description file has been created, but some information about the project may have been lost.
!SUBENTRY 1 org.eclipse.core.resources 2 234 2020-03-10 19:30:36.357
!MESSAGE The project description file (.project) for 'ParameterEx' was missing.  This file contains important information about the project.  A new project description file has been created, but some information about the project may have been lost.
!SUBENTRY 1 org.eclipse.core.resources 2 234 2020-03-10 19:30:36.357
!MESSAGE The project description file (.project) for 'Test76a' was missing.  This file contains important information about the project.  A new project description file has been created, but some information about the project may have been lost.
!SUBENTRY 1 org.eclipse.core.resources 2 234 2020-03-10 19:30:36.357
!MESSAGE The project description file (.project) for 'Test76b' was missing.  This file contains important information about the project.  A new project description file has been created, but some information about the project may have been lost.
!SUBENTRY 1 org.eclipse.core.resources 2 234 2020-03-10 19:30:36.357
!MESSAGE The project description file (.project) for 'Test77b' was missing.  This file contains important information about the project.  A new project description file has been created, but some information about the project may have been lost.
!SUBENTRY 1 org.eclipse.core.resources 2 234 2020-03-10 19:30:36.357
!MESSAGE The project description file (.project) for 'Test78a' was missing.  This file contains important information about the project.  A new project description file has been created, but some information about the project may have been lost.
!SUBENTRY 1 org.eclipse.core.resources 2 234 2020-03-10 19:30:36.357
!MESSAGE The project description file (.project) for 'Timer_Example' was missing.  This file contains important information about the project.  A new project description file has been created, but some information about the project may have been lost.
!SUBENTRY 1 org.eclipse.core.resources 2 234 2020-03-10 19:30:36.357
!MESSAGE The project description file (.project) for 'Timer_Example_Lambda' was missing.  This file contains important information about the project.  A new project description file has been created, but some information about the project may have been lost.
!SUBENTRY 1 org.eclipse.core.resources 2 234 2020-03-10 19:30:36.357
!MESSAGE The project description file (.project) for 'WBTest' was missing.  This file contains important information about the project.  A new project description file has been created, but some information about the project may have been lost.
!SESSION 2020-03-11 10:53:24.939 -----------------------------------------------
eclipse.buildId=4.14.0.I20191210-0610
java.version=1.8.0_231
java.vendor=Oracle Corporation
BootLoader constants: OS=win32, ARCH=x86_64, WS=win32, NL=en_GB
Framework arguments:  -product org.eclipse.epp.package.java.product
Command-line arguments:  -os win32 -ws win32 -arch x86_64 -product org.eclipse.epp.package.java.product

!ENTRY org.eclipse.e4.ui.workbench 4 0 2020-03-11 10:53:51.314
!MESSAGE Unable to retrieve the bundle from the URI: bundleclass://org.eclipse.launchbar.ui.controls/org.eclipse.launchbar.ui.controls.internal.LaunchBarControl

!ENTRY org.eclipse.e4.ui.workbench 4 0 2020-03-11 10:53:57.405
!MESSAGE Unable to retrieve the bundle from the URI: bundleclass://org.eclipse.recommenders.news.rcp/org.eclipse.recommenders.internal.news.rcp.toolbar.NewsToolControl

!ENTRY org.eclipse.egit.ui 2 0 2020-03-11 10:53:58.327
!MESSAGE Warning: The environment variable HOME is not set. The following directory will be used to store the Git
user global configuration and to define the default location to store repositories: 'C:\Users\us144'. If this is
not correct please set the HOME environment variable and restart Eclipse. Otherwise Git for Windows and
EGit might behave differently since they see different configuration options.
This warning can be switched off on the Team > Git > Confirmations and Warnings preference page.

!ENTRY org.eclipse.core.resources 2 2 2020-03-11 16:59:42.604
!MESSAGE Save operation warnings.
!SUBENTRY 1 org.eclipse.core.resources 2 234 2020-03-11 16:59:42.604
!MESSAGE The project description file (.project) for '1 h Enum Test' was missing.  This file contains important information about the project.  A new project description file has been created, but some information about the project may have been lost.
!SUBENTRY 1 org.eclipse.core.resources 2 234 2020-03-11 16:59:42.604
!MESSAGE The project description file (.project) for '1 i Enhanced for Loop' was missing.  This file contains important information about the project.  A new project description file has been created, but some information about the project may have been lost.
!SUBENTRY 1 org.eclipse.core.resources 2 234 2020-03-11 16:59:42.604
!MESSAGE The project description file (.project) for '1 j Break with Label' was missing.  This file contains important information about the project.  A new project description file has been created, but some information about the project may have been lost.
!SUBENTRY 1 org.eclipse.core.resources 2 234 2020-03-11 16:59:42.604
!MESSAGE The project description file (.project) for '1 n Interfaces version 1' was missing.  This file contains important information about the project.  A new project description file has been created, but some information about the project may have been lost.
!SUBENTRY 1 org.eclipse.core.resources 2 234 2020-03-11 16:59:42.604
!MESSAGE The project description file (.project) for '1 o Interfaces version 2' was missing.  This file contains important information about the project.  A new project description file has been created, but some information about the project may have been lost.
!SUBENTRY 1 org.eclipse.core.resources 2 234 2020-03-11 16:59:42.604
!MESSAGE The project description file (.project) for '1 r Exception Finally' was missing.  This file contains important information about the project.  A new project description file has been created, but some information about the project may have been lost.
!SUBENTRY 1 org.eclipse.core.resources 2 234 2020-03-11 16:59:42.604
!MESSAGE The project description file (.project) for '2 8 PushButton' was missing.  This file contains important information about the project.  A new project description file has been created, but some information about the project may have been lost.
!SUBENTRY 1 org.eclipse.core.resources 2 234 2020-03-11 16:59:42.604
!MESSAGE The project description file (.project) for '3 l SubMarineAdvanced' was missing.  This file contains important information about the project.  A new project description file has been created, but some information about the project may have been lost.
!SUBENTRY 1 org.eclipse.core.resources 2 234 2020-03-11 16:59:42.604
!MESSAGE The project description file (.project) for '4 i DataLocal' was missing.  This file contains important information about the project.  A new project description file has been created, but some information about the project may have been lost.
!SUBENTRY 1 org.eclipse.core.resources 2 234 2020-03-11 16:59:42.604
!MESSAGE The project description file (.project) for '4 i LocalData' was missing.  This file contains important information about the project.  A new project description file has been created, but some information about the project may have been lost.
!SUBENTRY 1 org.eclipse.core.resources 2 234 2020-03-11 16:59:42.604
!MESSAGE The project description file (.project) for 'BarberShopUnSync' was missing.  This file contains important information about the project.  A new project description file has been created, but some information about the project may have been lost.
!SUBENTRY 1 org.eclipse.core.resources 2 234 2020-03-11 16:59:42.604
!MESSAGE The project description file (.project) for 'ParameterEx' was missing.  This file contains important information about the project.  A new project description file has been created, but some information about the project may have been lost.
!SUBENTRY 1 org.eclipse.core.resources 2 234 2020-03-11 16:59:42.604
!MESSAGE The project description file (.project) for 'Test76a' was missing.  This file contains important information about the project.  A new project description file has been created, but some information about the project may have been lost.
!SUBENTRY 1 org.eclipse.core.resources 2 234 2020-03-11 16:59:42.604
!MESSAGE The project description file (.project) for 'Test76b' was missing.  This file contains important information about the project.  A new project description file has been created, but some information about the project may have been lost.
!SUBENTRY 1 org.eclipse.core.resources 2 234 2020-03-11 16:59:42.604
!MESSAGE The project description file (.project) for 'Test77b' was missing.  This file contains important information about the project.  A new project description file has been created, but some information about the project may have been lost.
!SUBENTRY 1 org.eclipse.core.resources 2 234 2020-03-11 16:59:42.604
!MESSAGE The project description file (.project) for 'Test78a' was missing.  This file contains important information about the project.  A new project description file has been created, but some information about the project may have been lost.
!SUBENTRY 1 org.eclipse.core.resources 2 234 2020-03-11 16:59:42.604
!MESSAGE The project description file (.project) for 'Timer_Example' was missing.  This file contains important information about the project.  A new project description file has been created, but some information about the project may have been lost.
!SUBENTRY 1 org.eclipse.core.resources 2 234 2020-03-11 16:59:42.604
!MESSAGE The project description file (.project) for 'Timer_Example_Lambda' was missing.  This file contains important information about the project.  A new project description file has been created, but some information about the project may have been lost.
!SUBENTRY 1 org.eclipse.core.resources 2 234 2020-03-11 16:59:42.604
!MESSAGE The project description file (.project) for 'WBTest' was missing.  This file contains important information about the project.  A new project description file has been created, but some information about the project may have been lost.
!SESSION 2020-03-12 08:18:04.659 -----------------------------------------------
eclipse.buildId=4.14.0.I20191210-0610
java.version=1.8.0_231
java.vendor=Oracle Corporation
BootLoader constants: OS=win32, ARCH=x86_64, WS=win32, NL=en_GB
Framework arguments:  -product org.eclipse.epp.package.java.product
Command-line arguments:  -os win32 -ws win32 -arch x86_64 -product org.eclipse.epp.package.java.product

!ENTRY org.eclipse.e4.ui.workbench 4 0 2020-03-12 08:18:22.583
!MESSAGE Unable to retrieve the bundle from the URI: bundleclass://org.eclipse.launchbar.ui.controls/org.eclipse.launchbar.ui.controls.internal.LaunchBarControl

!ENTRY org.eclipse.e4.ui.workbench 4 0 2020-03-12 08:18:28.487
!MESSAGE Unable to retrieve the bundle from the URI: bundleclass://org.eclipse.recommenders.news.rcp/org.eclipse.recommenders.internal.news.rcp.toolbar.NewsToolControl

!ENTRY org.eclipse.egit.ui 2 0 2020-03-12 08:18:29.659
!MESSAGE Warning: The environment variable HOME is not set. The following directory will be used to store the Git
user global configuration and to define the default location to store repositories: 'C:\Users\us144'. If this is
not correct please set the HOME environment variable and restart Eclipse. Otherwise Git for Windows and
EGit might behave differently since they see different configuration options.
This warning can be switched off on the Team > Git > Confirmations and Warnings preference page.
!SESSION 2020-03-13 09:40:48.421 -----------------------------------------------
eclipse.buildId=4.14.0.I20191210-0610
java.version=1.8.0_231
java.vendor=Oracle Corporation
BootLoader constants: OS=win32, ARCH=x86_64, WS=win32, NL=en_GB
Framework arguments:  -product org.eclipse.epp.package.java.product
Command-line arguments:  -os win32 -ws win32 -arch x86_64 -product org.eclipse.epp.package.java.product

!ENTRY org.eclipse.e4.ui.workbench 4 0 2020-03-13 09:41:23.736
!MESSAGE Unable to retrieve the bundle from the URI: bundleclass://org.eclipse.launchbar.ui.controls/org.eclipse.launchbar.ui.controls.internal.LaunchBarControl

!ENTRY org.eclipse.e4.ui.workbench 4 0 2020-03-13 09:41:29.619
!MESSAGE Unable to retrieve the bundle from the URI: bundleclass://org.eclipse.recommenders.news.rcp/org.eclipse.recommenders.internal.news.rcp.toolbar.NewsToolControl

!ENTRY org.eclipse.egit.ui 2 0 2020-03-13 09:41:30.541
!MESSAGE Warning: The environment variable HOME is not set. The following directory will be used to store the Git
user global configuration and to define the default location to store repositories: 'C:\Users\us144'. If this is
not correct please set the HOME environment variable and restart Eclipse. Otherwise Git for Windows and
EGit might behave differently since they see different configuration options.
This warning can be switched off on the Team > Git > Confirmations and Warnings preference page.
!SESSION 2020-03-14 18:56:17.140 -----------------------------------------------
eclipse.buildId=4.14.0.I20191210-0610
java.version=1.8.0_231
java.vendor=Oracle Corporation
BootLoader constants: OS=win32, ARCH=x86_64, WS=win32, NL=en_GB
Framework arguments:  -product org.eclipse.epp.package.java.product
Command-line arguments:  -os win32 -ws win32 -arch x86_64 -product org.eclipse.epp.package.java.product

!ENTRY org.eclipse.e4.ui.workbench 4 0 2020-03-14 18:56:35.208
!MESSAGE Unable to retrieve the bundle from the URI: bundleclass://org.eclipse.launchbar.ui.controls/org.eclipse.launchbar.ui.controls.internal.LaunchBarControl

!ENTRY org.eclipse.e4.ui.workbench 4 0 2020-03-14 18:56:41.529
!MESSAGE Unable to retrieve the bundle from the URI: bundleclass://org.eclipse.recommenders.news.rcp/org.eclipse.recommenders.internal.news.rcp.toolbar.NewsToolControl

!ENTRY org.eclipse.egit.ui 2 0 2020-03-14 18:56:42.374
!MESSAGE Warning: The environment variable HOME is not set. The following directory will be used to store the Git
user global configuration and to define the default location to store repositories: 'C:\Users\us144'. If this is
not correct please set the HOME environment variable and restart Eclipse. Otherwise Git for Windows and
EGit might behave differently since they see different configuration options.
This warning can be switched off on the Team > Git > Confirmations and Warnings preference page.
!SESSION 2020-03-15 11:04:07.151 -----------------------------------------------
eclipse.buildId=4.14.0.I20191210-0610
java.version=1.8.0_231
java.vendor=Oracle Corporation
BootLoader constants: OS=win32, ARCH=x86_64, WS=win32, NL=en_GB
Framework arguments:  -product org.eclipse.epp.package.java.product
Command-line arguments:  -os win32 -ws win32 -arch x86_64 -product org.eclipse.epp.package.java.product

!ENTRY org.eclipse.e4.ui.workbench 4 0 2020-03-15 11:04:25.845
!MESSAGE Unable to retrieve the bundle from the URI: bundleclass://org.eclipse.launchbar.ui.controls/org.eclipse.launchbar.ui.controls.internal.LaunchBarControl

!ENTRY org.eclipse.e4.ui.workbench 4 0 2020-03-15 11:04:31.654
!MESSAGE Unable to retrieve the bundle from the URI: bundleclass://org.eclipse.recommenders.news.rcp/org.eclipse.recommenders.internal.news.rcp.toolbar.NewsToolControl

!ENTRY org.eclipse.egit.ui 2 0 2020-03-15 11:04:32.573
!MESSAGE Warning: The environment variable HOME is not set. The following directory will be used to store the Git
user global configuration and to define the default location to store repositories: 'C:\Users\us144'. If this is
not correct please set the HOME environment variable and restart Eclipse. Otherwise Git for Windows and
EGit might behave differently since they see different configuration options.
This warning can be switched off on the Team > Git > Confirmations and Warnings preference page.
!SESSION 2020-03-16 08:50:42.531 -----------------------------------------------
eclipse.buildId=4.14.0.I20191210-0610
java.version=1.8.0_231
java.vendor=Oracle Corporation
BootLoader constants: OS=win32, ARCH=x86_64, WS=win32, NL=en_GB
Framework arguments:  -product org.eclipse.epp.package.java.product
Command-line arguments:  -os win32 -ws win32 -arch x86_64 -product org.eclipse.epp.package.java.product

!ENTRY org.eclipse.e4.ui.workbench 4 0 2020-03-16 08:52:29.405
!MESSAGE Unable to retrieve the bundle from the URI: bundleclass://org.eclipse.launchbar.ui.controls/org.eclipse.launchbar.ui.controls.internal.LaunchBarControl

!ENTRY org.eclipse.e4.ui.workbench 4 0 2020-03-16 08:52:35.250
!MESSAGE Unable to retrieve the bundle from the URI: bundleclass://org.eclipse.recommenders.news.rcp/org.eclipse.recommenders.internal.news.rcp.toolbar.NewsToolControl

!ENTRY org.eclipse.egit.ui 2 0 2020-03-16 08:52:36.328
!MESSAGE Warning: The environment variable HOME is not set. The following directory will be used to store the Git
user global configuration and to define the default location to store repositories: 'C:\Users\us144'. If this is
not correct please set the HOME environment variable and restart Eclipse. Otherwise Git for Windows and
EGit might behave differently since they see different configuration options.
This warning can be switched off on the Team > Git > Confirmations and Warnings preference page.
!SESSION 2020-03-17 08:43:51.244 -----------------------------------------------
eclipse.buildId=4.14.0.I20191210-0610
java.version=1.8.0_231
java.vendor=Oracle Corporation
BootLoader constants: OS=win32, ARCH=x86_64, WS=win32, NL=en_GB
Framework arguments:  -product org.eclipse.epp.package.java.product
Command-line arguments:  -os win32 -ws win32 -arch x86_64 -product org.eclipse.epp.package.java.product

!ENTRY org.eclipse.e4.ui.workbench 4 0 2020-03-17 08:44:11.350
!MESSAGE Unable to retrieve the bundle from the URI: bundleclass://org.eclipse.launchbar.ui.controls/org.eclipse.launchbar.ui.controls.internal.LaunchBarControl

!ENTRY org.eclipse.e4.ui.workbench 4 0 2020-03-17 08:44:17.306
!MESSAGE Unable to retrieve the bundle from the URI: bundleclass://org.eclipse.recommenders.news.rcp/org.eclipse.recommenders.internal.news.rcp.toolbar.NewsToolControl

!ENTRY org.eclipse.egit.ui 2 0 2020-03-17 08:44:18.196
!MESSAGE Warning: The environment variable HOME is not set. The following directory will be used to store the Git
user global configuration and to define the default location to store repositories: 'C:\Users\us144'. If this is
not correct please set the HOME environment variable and restart Eclipse. Otherwise Git for Windows and
EGit might behave differently since they see different configuration options.
This warning can be switched off on the Team > Git > Confirmations and Warnings preference page.
!SESSION 2020-03-17 09:26:42.258 -----------------------------------------------
eclipse.buildId=4.14.0.I20191210-0610
java.version=1.8.0_231
java.vendor=Oracle Corporation
BootLoader constants: OS=win32, ARCH=x86_64, WS=win32, NL=en_GB
Framework arguments:  -product org.eclipse.epp.package.java.product -product org.eclipse.epp.package.java.product -product org.eclipse.epp.package.java.product
Command-line arguments:  -os win32 -ws win32 -arch x86_64 -product org.eclipse.epp.package.java.product -product org.eclipse.epp.package.java.product -data C:\Users\us144\workspaceOOP2 -product org.eclipse.epp.package.java.product

!ENTRY org.eclipse.e4.ui.workbench 4 0 2020-03-17 09:26:51.097
!MESSAGE Unable to retrieve the bundle from the URI: bundleclass://org.eclipse.launchbar.ui.controls/org.eclipse.launchbar.ui.controls.internal.LaunchBarControl

!ENTRY org.eclipse.e4.ui.workbench 4 0 2020-03-17 09:26:54.690
!MESSAGE Unable to retrieve the bundle from the URI: bundleclass://org.eclipse.recommenders.news.rcp/org.eclipse.recommenders.internal.news.rcp.toolbar.NewsToolControl

!ENTRY org.eclipse.egit.ui 2 0 2020-03-17 09:26:55.643
!MESSAGE Warning: The environment variable HOME is not set. The following directory will be used to store the Git
user global configuration and to define the default location to store repositories: 'C:\Users\us144'. If this is
not correct please set the HOME environment variable and restart Eclipse. Otherwise Git for Windows and
EGit might behave differently since they see different configuration options.
This warning can be switched off on the Team > Git > Confirmations and Warnings preference page.
